[debug] [2023-02-05T07:08:18.127Z] ----------------------------------------------------------------------
[debug] [2023-02-05T07:08:18.128Z] Command:       C:\Program Files\nodejs\node.exe C:\Users\Darshak Kakani\AppData\Roaming\npm\node_modules\firebase-tools\lib\bin\firebase.js init
[debug] [2023-02-05T07:08:18.129Z] CLI Version:   11.22.0
[debug] [2023-02-05T07:08:18.129Z] Platform:      win32
[debug] [2023-02-05T07:08:18.129Z] Node Version:  v18.13.0
[debug] [2023-02-05T07:08:18.130Z] Time:          Sun Feb 05 2023 12:38:18 GMT+0530 (India Standard Time)
[debug] [2023-02-05T07:08:18.130Z] ----------------------------------------------------------------------
[debug] 
[debug] [2023-02-05T07:08:18.138Z] > command requires scopes: ["email","openid","https://www.googleapis.com/auth/cloudplatformprojects.readonly","https://www.googleapis.com/auth/firebase","https://www.googleapis.com/auth/cloud-platform"]
[debug] [2023-02-05T07:08:18.138Z] > authorizing via signed-in user (darshp554@gmail.com)
[info] 
     ######## #### ########  ######## ########     ###     ######  ########
     ##        ##  ##     ## ##       ##     ##  ##   ##  ##       ##
     ######    ##  ########  ######   ########  #########  ######  ######
     ##        ##  ##    ##  ##       ##     ## ##     ##       ## ##
     ##       #### ##     ## ######## ########  ##     ##  ######  ########

You're about to initialize a Firebase project in this directory:

  C:\Users\Darshak Kakani\OneDrive\Desktop\chat app

[info] 
=== Project Setup
[info] 
[info] First, let's associate this project directory with a Firebase project.
[info] You can create multiple project aliases by running firebase use --add, 
[info] but for now we'll just set up a default project.
[info] 
[debug] [2023-02-05T07:09:50.249Z] >>> [apiv2][query] GET https://firebase.googleapis.com/v1beta1/projects pageSize=100
[debug] [2023-02-05T07:09:51.278Z] <<< [apiv2][status] GET https://firebase.googleapis.com/v1beta1/projects 200
[debug] [2023-02-05T07:09:51.278Z] <<< [apiv2][body] GET https://firebase.googleapis.com/v1beta1/projects [omitted]
[info] i  Using project chat-app-e6136 (Chat App) 
[info] 
=== Hosting Setup
[info] 
[info] Your public directory is the folder (relative to your project directory) that
[info] will contain Hosting assets to be uploaded with firebase deploy. If you
[info] have a build process for your assets, use your build's output directory.
[info] 
[info] +  Wrote public/404.html 
[debug] [2023-02-05T07:15:29.233Z] >>> [apiv2][query] GET https://www.gstatic.com/firebasejs/releases.json [none]
[debug] [2023-02-05T07:15:29.434Z] <<< [apiv2][status] GET https://www.gstatic.com/firebasejs/releases.json 200
[debug] [2023-02-05T07:15:29.434Z] <<< [apiv2][body] GET https://www.gstatic.com/firebasejs/releases.json {"current":{"version":"9.17.1","browserURL":"https://www.gstatic.com/firebasejs/9.17.1/firebase.js","packageURL":"https://www.gstatic.com/firebasejs/9.17.1/firebase.tgz"},"live":{"version":"9.17","browserURL":"https://www.gstatic.com/firebasejs/live/9.17/firebase.js","packageURL":"https://www.gstatic.com/firebasejs/live/9.17/firebase.tgz"},"components":{"analytics":"https://www.gstatic.com/firebasejs/9.17.1/firebase-analytics.js","app":"https://www.gstatic.com/firebasejs/9.17.1/firebase-app.js","app-check":"https://www.gstatic.com/firebasejs/9.17.1/firebase-app-check.js","auth":"https://www.gstatic.com/firebasejs/9.17.1/firebase-auth.js","auth/cordova":"https://www.gstatic.com/firebasejs/9.17.1/firebase-auth/cordova.js","auth/react-native":"https://www.gstatic.com/firebasejs/9.17.1/firebase-auth/react-native.js","functions":"https://www.gstatic.com/firebasejs/9.17.1/firebase-functions.js","firestore":"https://www.gstatic.com/firebasejs/9.17.1/firebase-firestore.js","firestore/lite":"https://www.gstatic.com/firebasejs/9.17.1/firebase-firestore/lite.js","installations":"https://www.gstatic.com/firebasejs/9.17.1/firebase-installations.js","storage":"https://www.gstatic.com/firebasejs/9.17.1/firebase-storage.js","performance":"https://www.gstatic.com/firebasejs/9.17.1/firebase-performance.js","remote-config":"https://www.gstatic.com/firebasejs/9.17.1/firebase-remote-config.js","messaging":"https://www.gstatic.com/firebasejs/9.17.1/firebase-messaging.js","messaging/sw":"https://www.gstatic.com/firebasejs/9.17.1/firebase-messaging/sw.js","database":"https://www.gstatic.com/firebasejs/9.17.1/firebase-database.js","firestore.memory":"https://www.gstatic.com/firebasejs/9.17.1/firebase-firestore.memory.js"}}
[info] +  Wrote public/index.html 
[info] 
[info] i  Didn't detect a .git folder. Assuming C:\Users\Darshak Kakani\OneDrive\Desktop\chat app is the project root. 
[info] i  Authorizing with GitHub to upload your service account to a GitHub repository's secrets store. 
[info] 
[info] Visit this URL on this device to log in:
[info] https://github.com/login/oauth/authorize?client_id=89cf50f02ac6aaed3484&state=405135840&redirect_uri=http%3A%2F%2Flocalhost%3A9005&scope=read%3Auser%20repo%20public_repo
[info] 
[info] Waiting for authentication...
[debug] [2023-02-05T07:15:57.251Z] >>> [apiv2][query] POST https://github.com/login/oauth/access_token [none]
[debug] [2023-02-05T07:15:57.251Z] >>> [apiv2][body] POST https://github.com/login/oauth/access_token [stream]
[debug] [2023-02-05T07:15:57.658Z] <<< [apiv2][status] POST https://github.com/login/oauth/access_token 200
[debug] [2023-02-05T07:15:57.658Z] <<< [apiv2][body] POST https://github.com/login/oauth/access_token {"access_token":"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","token_type":"bearer","scope":"read:user,repo"}
[debug] [2023-02-05T07:15:57.669Z] >>> [apiv2][query] GET https://api.github.com/user [none]
[debug] [2023-02-05T07:15:58.207Z] <<< [apiv2][status] GET https://api.github.com/user 200
[debug] [2023-02-05T07:15:58.208Z] <<< [apiv2][body] GET https://api.github.com/user {"login":"DarshaK1Just","id":88178092,"node_id":"MDQ6VXNlcjg4MTc4MDky","avatar_url":"https://avatars.githubusercontent.com/u/88178092?v=4","gravatar_id":"","url":"https://api.github.com/users/DarshaK1Just","html_url":"https://github.com/DarshaK1Just","followers_url":"https://api.github.com/users/DarshaK1Just/followers","following_url":"https://api.github.com/users/DarshaK1Just/following{/other_user}","gists_url":"https://api.github.com/users/DarshaK1Just/gists{/gist_id}","starred_url":"https://api.github.com/users/DarshaK1Just/starred{/owner}{/repo}","subscriptions_url":"https://api.github.com/users/DarshaK1Just/subscriptions","organizations_url":"https://api.github.com/users/DarshaK1Just/orgs","repos_url":"https://api.github.com/users/DarshaK1Just/repos","events_url":"https://api.github.com/users/DarshaK1Just/events{/privacy}","received_events_url":"https://api.github.com/users/DarshaK1Just/received_events","type":"User","site_admin":false,"name":"Darshak Kakani","company":null,"blog":"","location":null,"email":null,"hireable":null,"bio":null,"twitter_username":null,"public_repos":22,"public_gists":0,"followers":4,"following":14,"created_at":"2021-07-30T05:03:25Z","updated_at":"2023-02-04T16:54:21Z","private_gists":0,"total_private_repos":1,"owned_private_repos":0,"disk_usage":104515,"collaborators":0,"two_factor_authentication":false,"plan":{"name":"free","space":976562499,"collaborators":0,"private_repos":10000}}
[info] 
[info] +  Success! Logged into GitHub as DarshaK1Just 
[info] 
[debug] [2023-02-05T07:16:20.977Z] >>> [apiv2][query] GET https://api.github.com/repos/y/actions/secrets/public-key type=owner
[debug] [2023-02-05T07:16:21.451Z] <<< [apiv2][status] GET https://api.github.com/repos/y/actions/secrets/public-key 404
[debug] [2023-02-05T07:16:21.451Z] <<< [apiv2][body] GET https://api.github.com/repos/y/actions/secrets/public-key {"message":"Not Found","documentation_url":"https://docs.github.com/rest"}
